[debug] [2025-05-08T19:36:21.592Z] ----------------------------------------------------------------------
[debug] [2025-05-08T19:36:21.594Z] Command:       C:\Program Files\nodejs\node.exe C:\Program Files\nodejs\node_modules\firebase-tools\lib\bin\firebase.js emulators:start --only functions
[debug] [2025-05-08T19:36:21.594Z] CLI Version:   14.2.2
[debug] [2025-05-08T19:36:21.594Z] Platform:      win32
[debug] [2025-05-08T19:36:21.595Z] Node Version:  v22.13.1
[debug] [2025-05-08T19:36:21.595Z] Time:          Thu May 08 2025 16:36:21 GMT-0300 (Horário Padrão de Brasília)
[debug] [2025-05-08T19:36:21.595Z] ----------------------------------------------------------------------
[debug] 
[debug] [2025-05-08T19:36:21.808Z] > command requires scopes: ["email","openid","https://www.googleapis.com/auth/cloudplatformprojects.readonly","https://www.googleapis.com/auth/firebase","https://www.googleapis.com/auth/cloud-platform"]
[debug] [2025-05-08T19:36:21.809Z] > authorizing via signed-in user (matheusssoares04@gmail.com)
[info] i  emulators: Starting emulators: functions {"metadata":{"emulator":{"name":"hub"},"message":"Starting emulators: functions"}}
[debug] [2025-05-08T19:36:21.817Z] [logging] Logging Emulator only supports listening on one address (127.0.0.1). Not listening on ::1
[debug] [2025-05-08T19:36:21.818Z] assigned listening specs for emulators {"user":{"hub":[{"address":"127.0.0.1","family":"IPv4","port":4400},{"address":"::1","family":"IPv6","port":4400}],"ui":[{"address":"127.0.0.1","family":"IPv4","port":4000},{"address":"::1","family":"IPv6","port":4000}],"logging":[{"address":"127.0.0.1","family":"IPv4","port":4500}]},"metadata":{"message":"assigned listening specs for emulators"}}
[debug] [2025-05-08T19:36:21.822Z] [hub] writing locator at C:\Users\gabi_\AppData\Local\Temp\hub-papo-de-rifa.json
[debug] [2025-05-08T19:36:21.844Z] [functions] Functions Emulator only supports listening on one address (127.0.0.1). Not listening on ::1
[debug] [2025-05-08T19:36:21.844Z] [eventarc] Eventarc Emulator only supports listening on one address (127.0.0.1). Not listening on ::1
[debug] [2025-05-08T19:36:21.844Z] [tasks] Cloud Tasks Emulator only supports listening on one address (127.0.0.1). Not listening on ::1
[debug] [2025-05-08T19:36:21.845Z] late-assigned ports for functions and eventarc emulators {"user":{"hub":[{"address":"127.0.0.1","family":"IPv4","port":4400},{"address":"::1","family":"IPv6","port":4400}],"ui":[{"address":"127.0.0.1","family":"IPv4","port":4000},{"address":"::1","family":"IPv6","port":4000}],"logging":[{"address":"127.0.0.1","family":"IPv4","port":4500}],"functions":[{"address":"127.0.0.1","family":"IPv4","port":5001}],"eventarc":[{"address":"127.0.0.1","family":"IPv4","port":9299}],"tasks":[{"address":"127.0.0.1","family":"IPv4","port":9499}]},"metadata":{"message":"late-assigned ports for functions and eventarc emulators"}}
[warn] !  functions: The following emulators are not running, calls to these services from the Functions emulator will affect production: apphosting, auth, firestore, database, hosting, pubsub, storage, dataconnect {"metadata":{"emulator":{"name":"functions"},"message":"The following emulators are not running, calls to these services from the Functions emulator will affect production: \u001b[1mapphosting, auth, firestore, database, hosting, pubsub, storage, dataconnect\u001b[22m"}}
[debug] [2025-05-08T19:36:22.104Z] defaultcredentials: writing to file C:\Users\gabi_\AppData\Roaming\firebase\matheusssoares04_gmail_com_application_default_credentials.json
[debug] [2025-05-08T19:36:22.106Z] Setting GAC to C:\Users\gabi_\AppData\Roaming\firebase\matheusssoares04_gmail_com_application_default_credentials.json {"metadata":{"emulator":{"name":"functions"},"message":"Setting GAC to C:\\Users\\gabi_\\AppData\\Roaming\\firebase\\matheusssoares04_gmail_com_application_default_credentials.json"}}
[debug] [2025-05-08T19:36:22.107Z] Checked if tokens are valid: true, expires at: 1746736468148
[debug] [2025-05-08T19:36:22.107Z] Checked if tokens are valid: true, expires at: 1746736468148
[debug] [2025-05-08T19:36:22.108Z] >>> [apiv2][query] GET https://firebase.googleapis.com/v1beta1/projects/papo-de-rifa/adminSdkConfig [none]
[debug] [2025-05-08T19:36:22.923Z] <<< [apiv2][status] GET https://firebase.googleapis.com/v1beta1/projects/papo-de-rifa/adminSdkConfig 200
[debug] [2025-05-08T19:36:22.923Z] <<< [apiv2][body] GET https://firebase.googleapis.com/v1beta1/projects/papo-de-rifa/adminSdkConfig {"projectId":"papo-de-rifa","databaseURL":"https://papo-de-rifa-default-rtdb.firebaseio.com","storageBucket":"papo-de-rifa.appspot.com","locationId":"us-central"}
[info] i  functions: Watching "C:\PROJETOS\painel-papo-de-rifa\functions" for Cloud Functions... {"metadata":{"emulator":{"name":"functions"},"message":"Watching \"C:\\PROJETOS\\painel-papo-de-rifa\\functions\" for Cloud Functions..."}}
[debug] [2025-05-08T19:36:22.946Z] Validating nodejs source
[debug] [2025-05-08T19:36:24.691Z] > [functions] package.json contents: {
  "name": "functions",
  "scripts": {
    "lint": "eslint --ext .js,.ts .",
    "build": "tsc",
    "build:watch": "tsc --watch",
    "serve": "npm run build && firebase emulators:start --only functions",
    "shell": "npm run build && firebase functions:shell",
    "start": "npm run shell",
    "deploy": "firebase deploy --only functions",
    "logs": "firebase functions:log"
  },
  "engines": {
    "node": "22"
  },
  "main": "lib/index.js",
  "dependencies": {
    "firebase-admin": "^12.6.0",
    "firebase-functions": "^6.0.1"
  },
  "devDependencies": {
    "@typescript-eslint/eslint-plugin": "^5.12.0",
    "@typescript-eslint/parser": "^5.12.0",
    "eslint": "^8.9.0",
    "eslint-config-google": "^0.14.0",
    "eslint-plugin-import": "^2.25.4",
    "firebase-functions-test": "^3.1.0",
    "typescript": "^4.9.0"
  },
  "private": true
}
[debug] [2025-05-08T19:36:24.692Z] Building nodejs source
[debug] [2025-05-08T19:36:24.692Z] Failed to find version of module node: reached end of search path C:\PROJETOS\painel-papo-de-rifa\functions\node_modules
[info] +  functions: Using node@22 from host. 
[debug] [2025-05-08T19:36:24.694Z] Could not find functions.yaml. Must use http discovery
[debug] [2025-05-08T19:36:24.698Z] Found firebase-functions binary at 'C:\PROJETOS\painel-papo-de-rifa\functions\node_modules\.bin\firebase-functions'
[info] Serving at port 8401

[debug] [2025-05-08T19:36:25.178Z] Got response from /__/functions.yaml {"endpoints":{"getUsers":{"availableMemoryMb":null,"timeoutSeconds":null,"minInstances":null,"maxInstances":null,"ingressSettings":null,"concurrency":null,"serviceAccountEmail":null,"vpc":null,"platform":"gcfv2","labels":{},"httpsTrigger":{},"entryPoint":"getUsers"},"updateUser":{"availableMemoryMb":null,"timeoutSeconds":null,"minInstances":null,"maxInstances":null,"ingressSettings":null,"concurrency":null,"serviceAccountEmail":null,"vpc":null,"platform":"gcfv2","labels":{},"httpsTrigger":{},"entryPoint":"updateUser"}},"specVersion":"v1alpha1","requiredAPIs":[],"extensions":{}}
[info] +  functions: Loaded functions definitions from source: getUsers, updateUser. {"metadata":{"emulator":{"name":"functions"},"message":"Loaded functions definitions from source: getUsers, updateUser."}}
[info] +  functions[us-central1-getUsers]: http function initialized (http://127.0.0.1:5001/papo-de-rifa/us-central1/getUsers). {"metadata":{"emulator":{"name":"functions"},"message":"\u001b[1mhttp\u001b[22m function initialized (http://127.0.0.1:5001/papo-de-rifa/us-central1/getUsers)."}}
[info] +  functions[us-central1-updateUser]: http function initialized (http://127.0.0.1:5001/papo-de-rifa/us-central1/updateUser). {"metadata":{"emulator":{"name":"functions"},"message":"\u001b[1mhttp\u001b[22m function initialized (http://127.0.0.1:5001/papo-de-rifa/us-central1/updateUser)."}}
[debug] [2025-05-08T19:36:29.222Z] Could not find VSCode notification endpoint: FetchError: request to http://localhost:40001/vscode/notify failed, reason: . If you are not running the Firebase Data Connect VSCode extension, this is expected and not an issue.
[info] 
┌─────────────────────────────────────────────────────────────┐
│ ✔  All emulators ready! It is now safe to connect your app. │
│ i  View Emulator UI at http://127.0.0.1:4000/               │
└─────────────────────────────────────────────────────────────┘

┌───────────┬────────────────┬─────────────────────────────────┐
│ Emulator  │ Host:Port      │ View in Emulator UI             │
├───────────┼────────────────┼─────────────────────────────────┤
│ Functions │ 127.0.0.1:5001 │ http://127.0.0.1:4000/functions │
└───────────┴────────────────┴─────────────────────────────────┘
  Emulator Hub host: 127.0.0.1 port: 4400
  Other reserved ports: 4500

Issues? Report them at https://github.com/firebase/firebase-tools/issues and attach the *-debug.log files.
 
[debug] [2025-05-08T19:43:34.025Z] [work-queue] {"queuedWork":["/papo-de-rifa/us-central1/getUsers-2025-05-08T19:43:34.020Z"],"queueLength":1,"runningWork":[],"workRunningCount":0}
[debug] [2025-05-08T19:43:34.037Z] [work-queue] {"queuedWork":[],"queueLength":0,"runningWork":["/papo-de-rifa/us-central1/getUsers-2025-05-08T19:43:34.020Z"],"workRunningCount":1}
[debug] [2025-05-08T19:43:34.044Z] Accepted request GET /papo-de-rifa/us-central1/getUsers --> us-central1-getUsers
[debug] [2025-05-08T19:43:34.105Z] [functions] Runtime ready! Sending request! {"metadata":{"emulator":{"name":"functions"},"message":"[functions] Runtime ready! Sending request!"}}
[debug] [2025-05-08T19:43:34.116Z] [functions] Got req.url=/papo-de-rifa/us-central1/getUsers, mapping to path=/ {"metadata":{"emulator":{"name":"functions"},"message":"[functions] Got req.url=/papo-de-rifa/us-central1/getUsers, mapping to path=/"}}
[debug] [2025-05-08T19:43:34.200Z] [worker-pool] addWorker(us-central1-getUsers) {"metadata":{"emulator":{"name":"functions"},"message":"[worker-pool] addWorker(us-central1-getUsers)"}}
[debug] [2025-05-08T19:43:34.206Z] [worker-pool] Adding worker with key us-central1-getUsers, total=1 {"metadata":{"emulator":{"name":"functions"},"message":"[worker-pool] Adding worker with key us-central1-getUsers, total=1"}}
[info] >  (node:19324) [DEP0040] DeprecationWarning: The `punycode` module is deprecated. Please use a userland alternative instead. {"user":"(node:19324) [DEP0040] DeprecationWarning: The `punycode` module is deprecated. Please use a userland alternative instead.","metadata":{"emulator":{"name":"functions"},"function":{"name":"us-central1-getUsers"},"extension":{},"message":"\u001b[90m> \u001b[39m (node:19324) [DEP0040] DeprecationWarning: The `punycode` module is deprecated. Please use a userland alternative instead."}}
[info] >  (Use `node --trace-deprecation ...` to show where the warning was created) {"user":"(Use `node --trace-deprecation ...` to show where the warning was created)","metadata":{"emulator":{"name":"functions"},"function":{"name":"us-central1-getUsers"},"extension":{},"message":"\u001b[90m> \u001b[39m (Use `node --trace-deprecation ...` to show where the warning was created)"}}
[debug] [2025-05-08T19:43:36.862Z] [runtime-status] [19324] Resolved module firebase-admin {"declared":true,"installed":true,"version":"12.7.0","resolution":"C:\\PROJETOS\\painel-papo-de-rifa\\functions\\node_modules\\firebase-admin\\lib\\index.js"} {"metadata":{"emulator":{"name":"functions"},"function":{"name":"us-central1-getUsers"},"extension":{},"message":"[runtime-status] [19324] Resolved module firebase-admin {\"declared\":true,\"installed\":true,\"version\":\"12.7.0\",\"resolution\":\"C:\\\\PROJETOS\\\\painel-papo-de-rifa\\\\functions\\\\node_modules\\\\firebase-admin\\\\lib\\\\index.js\"}"}}
[debug] [2025-05-08T19:43:36.863Z] [runtime-status] [19324] Resolved module firebase-functions {"declared":true,"installed":true,"version":"6.3.2","resolution":"C:\\PROJETOS\\painel-papo-de-rifa\\functions\\node_modules\\firebase-functions\\lib\\v2\\index.js"} {"metadata":{"emulator":{"name":"functions"},"function":{"name":"us-central1-getUsers"},"extension":{},"message":"[runtime-status] [19324] Resolved module firebase-functions {\"declared\":true,\"installed\":true,\"version\":\"6.3.2\",\"resolution\":\"C:\\\\PROJETOS\\\\painel-papo-de-rifa\\\\functions\\\\node_modules\\\\firebase-functions\\\\lib\\\\v2\\\\index.js\"}"}}
[debug] [2025-05-08T19:43:36.863Z] [runtime-status] [19324] Outgoing network have been stubbed. [{"name":"http","status":"mocked"},{"name":"http","status":"mocked"},{"name":"https","status":"mocked"},{"name":"https","status":"mocked"},{"name":"net","status":"mocked"}] {"metadata":{"emulator":{"name":"functions"},"function":{"name":"us-central1-getUsers"},"extension":{},"message":"[runtime-status] [19324] Outgoing network have been stubbed. [{\"name\":\"http\",\"status\":\"mocked\"},{\"name\":\"http\",\"status\":\"mocked\"},{\"name\":\"https\",\"status\":\"mocked\"},{\"name\":\"https\",\"status\":\"mocked\"},{\"name\":\"net\",\"status\":\"mocked\"}]"}}
[debug] [2025-05-08T19:43:36.863Z] [runtime-status] [19324] Resolved module firebase-functions {"declared":true,"installed":true,"version":"6.3.2","resolution":"C:\\PROJETOS\\painel-papo-de-rifa\\functions\\node_modules\\firebase-functions\\lib\\v2\\index.js"} {"metadata":{"emulator":{"name":"functions"},"function":{"name":"us-central1-getUsers"},"extension":{},"message":"[runtime-status] [19324] Resolved module firebase-functions {\"declared\":true,\"installed\":true,\"version\":\"6.3.2\",\"resolution\":\"C:\\\\PROJETOS\\\\painel-papo-de-rifa\\\\functions\\\\node_modules\\\\firebase-functions\\\\lib\\\\v2\\\\index.js\"}"}}
[debug] [2025-05-08T19:43:38.247Z] [runtime-status] [19324] Checked functions.config() {"config":{}} {"metadata":{"emulator":{"name":"functions"},"function":{"name":"us-central1-getUsers"},"extension":{},"message":"[runtime-status] [19324] Checked functions.config() {\"config\":{}}"}}
[debug] [2025-05-08T19:43:38.247Z] [runtime-status] [19324] firebase-functions has been stubbed. {"functionsResolution":{"declared":true,"installed":true,"version":"6.3.2","resolution":"C:\\PROJETOS\\painel-papo-de-rifa\\functions\\node_modules\\firebase-functions\\lib\\v2\\index.js"}} {"metadata":{"emulator":{"name":"functions"},"function":{"name":"us-central1-getUsers"},"extension":{},"message":"[runtime-status] [19324] firebase-functions has been stubbed. {\"functionsResolution\":{\"declared\":true,\"installed\":true,\"version\":\"6.3.2\",\"resolution\":\"C:\\\\PROJETOS\\\\painel-papo-de-rifa\\\\functions\\\\node_modules\\\\firebase-functions\\\\lib\\\\v2\\\\index.js\"}}"}}
[debug] [2025-05-08T19:43:38.248Z] [runtime-status] [19324] Resolved module firebase-functions {"declared":true,"installed":true,"version":"6.3.2","resolution":"C:\\PROJETOS\\painel-papo-de-rifa\\functions\\node_modules\\firebase-functions\\lib\\v2\\index.js"} {"metadata":{"emulator":{"name":"functions"},"function":{"name":"us-central1-getUsers"},"extension":{},"message":"[runtime-status] [19324] Resolved module firebase-functions {\"declared\":true,\"installed\":true,\"version\":\"6.3.2\",\"resolution\":\"C:\\\\PROJETOS\\\\painel-papo-de-rifa\\\\functions\\\\node_modules\\\\firebase-functions\\\\lib\\\\v2\\\\index.js\"}"}}
[debug] [2025-05-08T19:43:38.300Z] [runtime-status] [19324] Resolved module firebase-admin {"declared":true,"installed":true,"version":"12.7.0","resolution":"C:\\PROJETOS\\painel-papo-de-rifa\\functions\\node_modules\\firebase-admin\\lib\\index.js"} {"metadata":{"emulator":{"name":"functions"},"function":{"name":"us-central1-getUsers"},"extension":{},"message":"[runtime-status] [19324] Resolved module firebase-admin {\"declared\":true,\"installed\":true,\"version\":\"12.7.0\",\"resolution\":\"C:\\\\PROJETOS\\\\painel-papo-de-rifa\\\\functions\\\\node_modules\\\\firebase-admin\\\\lib\\\\index.js\"}"}}
[debug] [2025-05-08T19:43:38.344Z] [runtime-status] [19324] Resolved module firebase-functions {"declared":true,"installed":true,"version":"6.3.2","resolution":"C:\\PROJETOS\\painel-papo-de-rifa\\functions\\node_modules\\firebase-functions\\lib\\v2\\index.js"} {"metadata":{"emulator":{"name":"functions"},"function":{"name":"us-central1-getUsers"},"extension":{},"message":"[runtime-status] [19324] Resolved module firebase-functions {\"declared\":true,\"installed\":true,\"version\":\"6.3.2\",\"resolution\":\"C:\\\\PROJETOS\\\\painel-papo-de-rifa\\\\functions\\\\node_modules\\\\firebase-functions\\\\lib\\\\v2\\\\index.js\"}"}}
[debug] [2025-05-08T19:43:38.344Z] [runtime-status] [19324] firebase-admin has been stubbed. {"adminResolution":{"declared":true,"installed":true,"version":"12.7.0","resolution":"C:\\PROJETOS\\painel-papo-de-rifa\\functions\\node_modules\\firebase-admin\\lib\\index.js"}} {"metadata":{"emulator":{"name":"functions"},"function":{"name":"us-central1-getUsers"},"extension":{},"message":"[runtime-status] [19324] firebase-admin has been stubbed. {\"adminResolution\":{\"declared\":true,\"installed\":true,\"version\":\"12.7.0\",\"resolution\":\"C:\\\\PROJETOS\\\\painel-papo-de-rifa\\\\functions\\\\node_modules\\\\firebase-admin\\\\lib\\\\index.js\"}}"}}
[debug] [2025-05-08T19:43:38.352Z] [runtime-status] [19324] Functions runtime initialized. {"cwd":"C:\\PROJETOS\\painel-papo-de-rifa\\functions","node_version":"22.13.1"} {"metadata":{"emulator":{"name":"functions"},"function":{"name":"us-central1-getUsers"},"extension":{},"message":"[runtime-status] [19324] Functions runtime initialized. {\"cwd\":\"C:\\\\PROJETOS\\\\painel-papo-de-rifa\\\\functions\",\"node_version\":\"22.13.1\"}"}}
[debug] [2025-05-08T19:43:38.353Z] [runtime-status] [19324] Listening to port: \\?\pipe\fire_emu_0a7303954412998b {"metadata":{"emulator":{"name":"functions"},"function":{"name":"us-central1-getUsers"},"extension":{},"message":"[runtime-status] [19324] Listening to port: \\\\?\\pipe\\fire_emu_0a7303954412998b"}}
[debug] [2025-05-08T19:43:38.432Z] [worker-us-central1-getUsers-b20dc18b-da61-422c-a93f-8411cc894326]: IDLE {"metadata":{"emulator":{"name":"functions"},"function":{"name":"us-central1-getUsers"},"extension":{},"message":"[worker-us-central1-getUsers-b20dc18b-da61-422c-a93f-8411cc894326]: IDLE"}}
[debug] [2025-05-08T19:43:38.432Z] [worker-pool] submitRequest(triggerId=us-central1-getUsers) {"metadata":{"emulator":{"name":"functions"},"message":"[worker-pool] submitRequest(triggerId=us-central1-getUsers)"}}
[info] i  functions: Beginning execution of "us-central1-getUsers" {"metadata":{"emulator":{"name":"functions"},"function":{"name":"us-central1-getUsers"},"extension":{},"message":"Beginning execution of \"us-central1-getUsers\""}}
[debug] [2025-05-08T19:43:38.433Z] [worker-us-central1-getUsers-b20dc18b-da61-422c-a93f-8411cc894326]: BUSY {"metadata":{"emulator":{"name":"functions"},"function":{"name":"us-central1-getUsers"},"extension":{},"message":"[worker-us-central1-getUsers-b20dc18b-da61-422c-a93f-8411cc894326]: BUSY"}}
[warn] !  Google API requested!
   - URL: "https://oauth2.googleapis.com/token"
   - Be careful, this may be a production service. {"metadata":{"emulator":{"name":"functions"},"function":{"name":"us-central1-getUsers"},"extension":{},"message":"Google API requested!\n   - URL: \"https://oauth2.googleapis.com/token\"\n   - Be careful, this may be a production service."}}
[debug] [2025-05-08T19:43:44.698Z] Finishing up request with event=pause {"metadata":{"emulator":{"name":"functions"},"function":{"name":"us-central1-getUsers"},"extension":{},"message":"Finishing up request with event=pause"}}
[info] i  functions: Finished "us-central1-getUsers" in 6264.901ms {"metadata":{"emulator":{"name":"functions"},"function":{"name":"us-central1-getUsers"},"extension":{},"message":"Finished \"us-central1-getUsers\" in 6264.901ms"}}
[debug] [2025-05-08T19:43:44.699Z] [worker-us-central1-getUsers-b20dc18b-da61-422c-a93f-8411cc894326]: IDLE {"metadata":{"emulator":{"name":"functions"},"function":{"name":"us-central1-getUsers"},"extension":{},"message":"[worker-us-central1-getUsers-b20dc18b-da61-422c-a93f-8411cc894326]: IDLE"}}
[debug] [2025-05-08T19:43:44.700Z] Finishing up request with event=finish {"metadata":{"emulator":{"name":"functions"},"function":{"name":"us-central1-getUsers"},"extension":{},"message":"Finishing up request with event=finish"}}
[debug] [2025-05-08T19:43:44.700Z] Finishing up request with event=close {"metadata":{"emulator":{"name":"functions"},"function":{"name":"us-central1-getUsers"},"extension":{},"message":"Finishing up request with event=close"}}
[debug] [2025-05-08T19:43:44.700Z] [work-queue] {"queuedWork":[],"queueLength":0,"runningWork":[],"workRunningCount":0}
[debug] [2025-05-08T19:43:44.701Z] [work-queue] {"queuedWork":["/papo-de-rifa/us-central1/getUsers-2025-05-08T19:43:44.701Z"],"queueLength":1,"runningWork":[],"workRunningCount":0}
[debug] [2025-05-08T19:43:44.702Z] [work-queue] {"queuedWork":[],"queueLength":0,"runningWork":["/papo-de-rifa/us-central1/getUsers-2025-05-08T19:43:44.701Z"],"workRunningCount":1}
[debug] [2025-05-08T19:43:44.702Z] Accepted request GET /papo-de-rifa/us-central1/getUsers --> us-central1-getUsers
[debug] [2025-05-08T19:43:44.704Z] [functions] Runtime ready! Sending request! {"metadata":{"emulator":{"name":"functions"},"message":"[functions] Runtime ready! Sending request!"}}
[debug] [2025-05-08T19:43:44.704Z] [functions] Got req.url=/papo-de-rifa/us-central1/getUsers, mapping to path=/ {"metadata":{"emulator":{"name":"functions"},"message":"[functions] Got req.url=/papo-de-rifa/us-central1/getUsers, mapping to path=/"}}
[debug] [2025-05-08T19:43:44.705Z] [worker-pool] submitRequest(triggerId=us-central1-getUsers) {"metadata":{"emulator":{"name":"functions"},"message":"[worker-pool] submitRequest(triggerId=us-central1-getUsers)"}}
[info] i  functions: Beginning execution of "us-central1-getUsers" {"metadata":{"emulator":{"name":"functions"},"function":{"name":"us-central1-getUsers"},"extension":{},"message":"Beginning execution of \"us-central1-getUsers\""}}
[debug] [2025-05-08T19:43:44.705Z] [worker-us-central1-getUsers-b20dc18b-da61-422c-a93f-8411cc894326]: BUSY {"metadata":{"emulator":{"name":"functions"},"function":{"name":"us-central1-getUsers"},"extension":{},"message":"[worker-us-central1-getUsers-b20dc18b-da61-422c-a93f-8411cc894326]: BUSY"}}
[debug] [2025-05-08T19:43:45.418Z] Finishing up request with event=pause {"metadata":{"emulator":{"name":"functions"},"function":{"name":"us-central1-getUsers"},"extension":{},"message":"Finishing up request with event=pause"}}
[info] i  functions: Finished "us-central1-getUsers" in 713.638ms {"metadata":{"emulator":{"name":"functions"},"function":{"name":"us-central1-getUsers"},"extension":{},"message":"Finished \"us-central1-getUsers\" in 713.638ms"}}
[debug] [2025-05-08T19:43:45.419Z] [worker-us-central1-getUsers-b20dc18b-da61-422c-a93f-8411cc894326]: IDLE {"metadata":{"emulator":{"name":"functions"},"function":{"name":"us-central1-getUsers"},"extension":{},"message":"[worker-us-central1-getUsers-b20dc18b-da61-422c-a93f-8411cc894326]: IDLE"}}
[debug] [2025-05-08T19:43:45.419Z] Finishing up request with event=finish {"metadata":{"emulator":{"name":"functions"},"function":{"name":"us-central1-getUsers"},"extension":{},"message":"Finishing up request with event=finish"}}
[debug] [2025-05-08T19:43:45.420Z] Finishing up request with event=close {"metadata":{"emulator":{"name":"functions"},"function":{"name":"us-central1-getUsers"},"extension":{},"message":"Finishing up request with event=close"}}
[debug] [2025-05-08T19:43:45.420Z] [work-queue] {"queuedWork":[],"queueLength":0,"runningWork":[],"workRunningCount":0}
[debug] [2025-05-08T19:44:09.822Z] [work-queue] {"queuedWork":["/papo-de-rifa/us-central1/updateUser-2025-05-08T19:44:09.822Z"],"queueLength":1,"runningWork":[],"workRunningCount":0}
[debug] [2025-05-08T19:44:09.823Z] [work-queue] {"queuedWork":[],"queueLength":0,"runningWork":["/papo-de-rifa/us-central1/updateUser-2025-05-08T19:44:09.822Z"],"workRunningCount":1}
[debug] [2025-05-08T19:44:09.823Z] Accepted request OPTIONS /papo-de-rifa/us-central1/updateUser --> us-central1-updateUser
[debug] [2025-05-08T19:44:09.825Z] [functions] Runtime ready! Sending request! {"metadata":{"emulator":{"name":"functions"},"message":"[functions] Runtime ready! Sending request!"}}
[debug] [2025-05-08T19:44:09.826Z] [functions] Got req.url=/papo-de-rifa/us-central1/updateUser, mapping to path=/ {"metadata":{"emulator":{"name":"functions"},"message":"[functions] Got req.url=/papo-de-rifa/us-central1/updateUser, mapping to path=/"}}
[debug] [2025-05-08T19:44:09.838Z] [worker-pool] addWorker(us-central1-updateUser) {"metadata":{"emulator":{"name":"functions"},"message":"[worker-pool] addWorker(us-central1-updateUser)"}}
[debug] [2025-05-08T19:44:09.839Z] [worker-pool] Adding worker with key us-central1-updateUser, total=1 {"metadata":{"emulator":{"name":"functions"},"message":"[worker-pool] Adding worker with key us-central1-updateUser, total=1"}}
[info] >  (node:25636) [DEP0040] DeprecationWarning: The `punycode` module is deprecated. Please use a userland alternative instead. {"user":"(node:25636) [DEP0040] DeprecationWarning: The `punycode` module is deprecated. Please use a userland alternative instead.","metadata":{"emulator":{"name":"functions"},"function":{"name":"us-central1-updateUser"},"extension":{},"message":"\u001b[90m> \u001b[39m (node:25636) [DEP0040] DeprecationWarning: The `punycode` module is deprecated. Please use a userland alternative instead."}}
[info] >  (Use `node --trace-deprecation ...` to show where the warning was created) {"user":"(Use `node --trace-deprecation ...` to show where the warning was created)","metadata":{"emulator":{"name":"functions"},"function":{"name":"us-central1-updateUser"},"extension":{},"message":"\u001b[90m> \u001b[39m (Use `node --trace-deprecation ...` to show where the warning was created)"}}
[debug] [2025-05-08T19:44:10.920Z] [runtime-status] [25636] Resolved module firebase-admin {"declared":true,"installed":true,"version":"12.7.0","resolution":"C:\\PROJETOS\\painel-papo-de-rifa\\functions\\node_modules\\firebase-admin\\lib\\index.js"} {"metadata":{"emulator":{"name":"functions"},"function":{"name":"us-central1-updateUser"},"extension":{},"message":"[runtime-status] [25636] Resolved module firebase-admin {\"declared\":true,\"installed\":true,\"version\":\"12.7.0\",\"resolution\":\"C:\\\\PROJETOS\\\\painel-papo-de-rifa\\\\functions\\\\node_modules\\\\firebase-admin\\\\lib\\\\index.js\"}"}}
[debug] [2025-05-08T19:44:10.921Z] [runtime-status] [25636] Resolved module firebase-functions {"declared":true,"installed":true,"version":"6.3.2","resolution":"C:\\PROJETOS\\painel-papo-de-rifa\\functions\\node_modules\\firebase-functions\\lib\\v2\\index.js"} {"metadata":{"emulator":{"name":"functions"},"function":{"name":"us-central1-updateUser"},"extension":{},"message":"[runtime-status] [25636] Resolved module firebase-functions {\"declared\":true,\"installed\":true,\"version\":\"6.3.2\",\"resolution\":\"C:\\\\PROJETOS\\\\painel-papo-de-rifa\\\\functions\\\\node_modules\\\\firebase-functions\\\\lib\\\\v2\\\\index.js\"}"}}
[debug] [2025-05-08T19:44:10.922Z] [runtime-status] [25636] Outgoing network have been stubbed. [{"name":"http","status":"mocked"},{"name":"http","status":"mocked"},{"name":"https","status":"mocked"},{"name":"https","status":"mocked"},{"name":"net","status":"mocked"}] {"metadata":{"emulator":{"name":"functions"},"function":{"name":"us-central1-updateUser"},"extension":{},"message":"[runtime-status] [25636] Outgoing network have been stubbed. [{\"name\":\"http\",\"status\":\"mocked\"},{\"name\":\"http\",\"status\":\"mocked\"},{\"name\":\"https\",\"status\":\"mocked\"},{\"name\":\"https\",\"status\":\"mocked\"},{\"name\":\"net\",\"status\":\"mocked\"}]"}}
[debug] [2025-05-08T19:44:10.922Z] [runtime-status] [25636] Resolved module firebase-functions {"declared":true,"installed":true,"version":"6.3.2","resolution":"C:\\PROJETOS\\painel-papo-de-rifa\\functions\\node_modules\\firebase-functions\\lib\\v2\\index.js"} {"metadata":{"emulator":{"name":"functions"},"function":{"name":"us-central1-updateUser"},"extension":{},"message":"[runtime-status] [25636] Resolved module firebase-functions {\"declared\":true,\"installed\":true,\"version\":\"6.3.2\",\"resolution\":\"C:\\\\PROJETOS\\\\painel-papo-de-rifa\\\\functions\\\\node_modules\\\\firebase-functions\\\\lib\\\\v2\\\\index.js\"}"}}
[debug] [2025-05-08T19:44:11.175Z] [runtime-status] [25636] Checked functions.config() {"config":{}} {"metadata":{"emulator":{"name":"functions"},"function":{"name":"us-central1-updateUser"},"extension":{},"message":"[runtime-status] [25636] Checked functions.config() {\"config\":{}}"}}
[debug] [2025-05-08T19:44:11.176Z] [runtime-status] [25636] firebase-functions has been stubbed. {"functionsResolution":{"declared":true,"installed":true,"version":"6.3.2","resolution":"C:\\PROJETOS\\painel-papo-de-rifa\\functions\\node_modules\\firebase-functions\\lib\\v2\\index.js"}} {"metadata":{"emulator":{"name":"functions"},"function":{"name":"us-central1-updateUser"},"extension":{},"message":"[runtime-status] [25636] firebase-functions has been stubbed. {\"functionsResolution\":{\"declared\":true,\"installed\":true,\"version\":\"6.3.2\",\"resolution\":\"C:\\\\PROJETOS\\\\painel-papo-de-rifa\\\\functions\\\\node_modules\\\\firebase-functions\\\\lib\\\\v2\\\\index.js\"}}"}}
[debug] [2025-05-08T19:44:11.176Z] [runtime-status] [25636] Resolved module firebase-functions {"declared":true,"installed":true,"version":"6.3.2","resolution":"C:\\PROJETOS\\painel-papo-de-rifa\\functions\\node_modules\\firebase-functions\\lib\\v2\\index.js"} {"metadata":{"emulator":{"name":"functions"},"function":{"name":"us-central1-updateUser"},"extension":{},"message":"[runtime-status] [25636] Resolved module firebase-functions {\"declared\":true,\"installed\":true,\"version\":\"6.3.2\",\"resolution\":\"C:\\\\PROJETOS\\\\painel-papo-de-rifa\\\\functions\\\\node_modules\\\\firebase-functions\\\\lib\\\\v2\\\\index.js\"}"}}
[debug] [2025-05-08T19:44:11.181Z] [runtime-status] [25636] Resolved module firebase-admin {"declared":true,"installed":true,"version":"12.7.0","resolution":"C:\\PROJETOS\\painel-papo-de-rifa\\functions\\node_modules\\firebase-admin\\lib\\index.js"} {"metadata":{"emulator":{"name":"functions"},"function":{"name":"us-central1-updateUser"},"extension":{},"message":"[runtime-status] [25636] Resolved module firebase-admin {\"declared\":true,\"installed\":true,\"version\":\"12.7.0\",\"resolution\":\"C:\\\\PROJETOS\\\\painel-papo-de-rifa\\\\functions\\\\node_modules\\\\firebase-admin\\\\lib\\\\index.js\"}"}}
[debug] [2025-05-08T19:44:11.183Z] [runtime-status] [25636] Resolved module firebase-functions {"declared":true,"installed":true,"version":"6.3.2","resolution":"C:\\PROJETOS\\painel-papo-de-rifa\\functions\\node_modules\\firebase-functions\\lib\\v2\\index.js"} {"metadata":{"emulator":{"name":"functions"},"function":{"name":"us-central1-updateUser"},"extension":{},"message":"[runtime-status] [25636] Resolved module firebase-functions {\"declared\":true,\"installed\":true,\"version\":\"6.3.2\",\"resolution\":\"C:\\\\PROJETOS\\\\painel-papo-de-rifa\\\\functions\\\\node_modules\\\\firebase-functions\\\\lib\\\\v2\\\\index.js\"}"}}
[debug] [2025-05-08T19:44:11.183Z] [runtime-status] [25636] firebase-admin has been stubbed. {"adminResolution":{"declared":true,"installed":true,"version":"12.7.0","resolution":"C:\\PROJETOS\\painel-papo-de-rifa\\functions\\node_modules\\firebase-admin\\lib\\index.js"}} {"metadata":{"emulator":{"name":"functions"},"function":{"name":"us-central1-updateUser"},"extension":{},"message":"[runtime-status] [25636] firebase-admin has been stubbed. {\"adminResolution\":{\"declared\":true,\"installed\":true,\"version\":\"12.7.0\",\"resolution\":\"C:\\\\PROJETOS\\\\painel-papo-de-rifa\\\\functions\\\\node_modules\\\\firebase-admin\\\\lib\\\\index.js\"}}"}}
[debug] [2025-05-08T19:44:11.189Z] [runtime-status] [25636] Functions runtime initialized. {"cwd":"C:\\PROJETOS\\painel-papo-de-rifa\\functions","node_version":"22.13.1"} {"metadata":{"emulator":{"name":"functions"},"function":{"name":"us-central1-updateUser"},"extension":{},"message":"[runtime-status] [25636] Functions runtime initialized. {\"cwd\":\"C:\\\\PROJETOS\\\\painel-papo-de-rifa\\\\functions\",\"node_version\":\"22.13.1\"}"}}
[debug] [2025-05-08T19:44:11.190Z] [runtime-status] [25636] Listening to port: \\?\pipe\fire_emu_83af0c1818db02cc {"metadata":{"emulator":{"name":"functions"},"function":{"name":"us-central1-updateUser"},"extension":{},"message":"[runtime-status] [25636] Listening to port: \\\\?\\pipe\\fire_emu_83af0c1818db02cc"}}
[debug] [2025-05-08T19:44:11.238Z] [worker-us-central1-updateUser-6adfa6a6-fff2-4c7b-8d7c-785b71df3a09]: IDLE {"metadata":{"emulator":{"name":"functions"},"function":{"name":"us-central1-updateUser"},"extension":{},"message":"[worker-us-central1-updateUser-6adfa6a6-fff2-4c7b-8d7c-785b71df3a09]: IDLE"}}
[debug] [2025-05-08T19:44:11.239Z] [worker-pool] submitRequest(triggerId=us-central1-updateUser) {"metadata":{"emulator":{"name":"functions"},"message":"[worker-pool] submitRequest(triggerId=us-central1-updateUser)"}}
[info] i  functions: Beginning execution of "us-central1-updateUser" {"metadata":{"emulator":{"name":"functions"},"function":{"name":"us-central1-updateUser"},"extension":{},"message":"Beginning execution of \"us-central1-updateUser\""}}
[debug] [2025-05-08T19:44:11.239Z] [worker-us-central1-updateUser-6adfa6a6-fff2-4c7b-8d7c-785b71df3a09]: BUSY {"metadata":{"emulator":{"name":"functions"},"function":{"name":"us-central1-updateUser"},"extension":{},"message":"[worker-us-central1-updateUser-6adfa6a6-fff2-4c7b-8d7c-785b71df3a09]: BUSY"}}
[debug] [2025-05-08T19:44:11.242Z] Finishing up request with event=pause {"metadata":{"emulator":{"name":"functions"},"function":{"name":"us-central1-updateUser"},"extension":{},"message":"Finishing up request with event=pause"}}
[info] i  functions: Finished "us-central1-updateUser" in 3.2739ms {"metadata":{"emulator":{"name":"functions"},"function":{"name":"us-central1-updateUser"},"extension":{},"message":"Finished \"us-central1-updateUser\" in 3.2739ms"}}
[debug] [2025-05-08T19:44:11.243Z] [worker-us-central1-updateUser-6adfa6a6-fff2-4c7b-8d7c-785b71df3a09]: IDLE {"metadata":{"emulator":{"name":"functions"},"function":{"name":"us-central1-updateUser"},"extension":{},"message":"[worker-us-central1-updateUser-6adfa6a6-fff2-4c7b-8d7c-785b71df3a09]: IDLE"}}
[debug] [2025-05-08T19:44:11.243Z] Finishing up request with event=finish {"metadata":{"emulator":{"name":"functions"},"function":{"name":"us-central1-updateUser"},"extension":{},"message":"Finishing up request with event=finish"}}
[debug] [2025-05-08T19:44:11.243Z] Finishing up request with event=close {"metadata":{"emulator":{"name":"functions"},"function":{"name":"us-central1-updateUser"},"extension":{},"message":"Finishing up request with event=close"}}
[debug] [2025-05-08T19:44:11.243Z] [work-queue] {"queuedWork":[],"queueLength":0,"runningWork":[],"workRunningCount":0}
[debug] [2025-05-08T19:44:11.244Z] [work-queue] {"queuedWork":["/papo-de-rifa/us-central1/updateUser-2025-05-08T19:44:11.244Z"],"queueLength":1,"runningWork":[],"workRunningCount":0}
[debug] [2025-05-08T19:44:11.244Z] [work-queue] {"queuedWork":[],"queueLength":0,"runningWork":["/papo-de-rifa/us-central1/updateUser-2025-05-08T19:44:11.244Z"],"workRunningCount":1}
[debug] [2025-05-08T19:44:11.244Z] Accepted request POST /papo-de-rifa/us-central1/updateUser --> us-central1-updateUser
[debug] [2025-05-08T19:44:11.245Z] [functions] Runtime ready! Sending request! {"metadata":{"emulator":{"name":"functions"},"message":"[functions] Runtime ready! Sending request!"}}
[debug] [2025-05-08T19:44:11.245Z] [functions] Got req.url=/papo-de-rifa/us-central1/updateUser, mapping to path=/ {"metadata":{"emulator":{"name":"functions"},"message":"[functions] Got req.url=/papo-de-rifa/us-central1/updateUser, mapping to path=/"}}
[debug] [2025-05-08T19:44:11.245Z] [worker-pool] submitRequest(triggerId=us-central1-updateUser) {"metadata":{"emulator":{"name":"functions"},"message":"[worker-pool] submitRequest(triggerId=us-central1-updateUser)"}}
[info] i  functions: Beginning execution of "us-central1-updateUser" {"metadata":{"emulator":{"name":"functions"},"function":{"name":"us-central1-updateUser"},"extension":{},"message":"Beginning execution of \"us-central1-updateUser\""}}
[debug] [2025-05-08T19:44:11.246Z] [worker-us-central1-updateUser-6adfa6a6-fff2-4c7b-8d7c-785b71df3a09]: BUSY {"metadata":{"emulator":{"name":"functions"},"function":{"name":"us-central1-updateUser"},"extension":{},"message":"[worker-us-central1-updateUser-6adfa6a6-fff2-4c7b-8d7c-785b71df3a09]: BUSY"}}
[debug] [2025-05-08T19:44:11.402Z] Finishing up request with event=pause {"metadata":{"emulator":{"name":"functions"},"function":{"name":"us-central1-updateUser"},"extension":{},"message":"Finishing up request with event=pause"}}
[info] i  functions: Finished "us-central1-updateUser" in 156.6612ms {"metadata":{"emulator":{"name":"functions"},"function":{"name":"us-central1-updateUser"},"extension":{},"message":"Finished \"us-central1-updateUser\" in 156.6612ms"}}
[debug] [2025-05-08T19:44:11.403Z] [worker-us-central1-updateUser-6adfa6a6-fff2-4c7b-8d7c-785b71df3a09]: IDLE {"metadata":{"emulator":{"name":"functions"},"function":{"name":"us-central1-updateUser"},"extension":{},"message":"[worker-us-central1-updateUser-6adfa6a6-fff2-4c7b-8d7c-785b71df3a09]: IDLE"}}
[debug] [2025-05-08T19:44:11.403Z] Finishing up request with event=finish {"metadata":{"emulator":{"name":"functions"},"function":{"name":"us-central1-updateUser"},"extension":{},"message":"Finishing up request with event=finish"}}
[debug] [2025-05-08T19:44:11.403Z] Finishing up request with event=close {"metadata":{"emulator":{"name":"functions"},"function":{"name":"us-central1-updateUser"},"extension":{},"message":"Finishing up request with event=close"}}
[debug] [2025-05-08T19:44:11.403Z] [work-queue] {"queuedWork":[],"queueLength":0,"runningWork":[],"workRunningCount":0}
[debug] [2025-05-08T19:45:01.133Z] [work-queue] {"queuedWork":["/papo-de-rifa/us-central1/getUsers-2025-05-08T19:45:01.133Z"],"queueLength":1,"runningWork":[],"workRunningCount":0}
[debug] [2025-05-08T19:45:01.136Z] [work-queue] {"queuedWork":[],"queueLength":0,"runningWork":["/papo-de-rifa/us-central1/getUsers-2025-05-08T19:45:01.133Z"],"workRunningCount":1}
[debug] [2025-05-08T19:45:01.136Z] Accepted request GET /papo-de-rifa/us-central1/getUsers --> us-central1-getUsers
[debug] [2025-05-08T19:45:01.146Z] [functions] Runtime ready! Sending request! {"metadata":{"emulator":{"name":"functions"},"message":"[functions] Runtime ready! Sending request!"}}
[debug] [2025-05-08T19:45:01.147Z] [functions] Got req.url=/papo-de-rifa/us-central1/getUsers, mapping to path=/ {"metadata":{"emulator":{"name":"functions"},"message":"[functions] Got req.url=/papo-de-rifa/us-central1/getUsers, mapping to path=/"}}
[debug] [2025-05-08T19:45:01.148Z] [worker-pool] submitRequest(triggerId=us-central1-getUsers) {"metadata":{"emulator":{"name":"functions"},"message":"[worker-pool] submitRequest(triggerId=us-central1-getUsers)"}}
[info] i  functions: Beginning execution of "us-central1-getUsers" {"metadata":{"emulator":{"name":"functions"},"function":{"name":"us-central1-getUsers"},"extension":{},"message":"Beginning execution of \"us-central1-getUsers\""}}
[debug] [2025-05-08T19:45:01.151Z] [worker-us-central1-getUsers-b20dc18b-da61-422c-a93f-8411cc894326]: BUSY {"metadata":{"emulator":{"name":"functions"},"function":{"name":"us-central1-getUsers"},"extension":{},"message":"[worker-us-central1-getUsers-b20dc18b-da61-422c-a93f-8411cc894326]: BUSY"}}
[debug] [2025-05-08T19:45:01.898Z] Finishing up request with event=pause {"metadata":{"emulator":{"name":"functions"},"function":{"name":"us-central1-getUsers"},"extension":{},"message":"Finishing up request with event=pause"}}
[info] i  functions: Finished "us-central1-getUsers" in 747.4135ms {"metadata":{"emulator":{"name":"functions"},"function":{"name":"us-central1-getUsers"},"extension":{},"message":"Finished \"us-central1-getUsers\" in 747.4135ms"}}
[debug] [2025-05-08T19:45:01.899Z] [worker-us-central1-getUsers-b20dc18b-da61-422c-a93f-8411cc894326]: IDLE {"metadata":{"emulator":{"name":"functions"},"function":{"name":"us-central1-getUsers"},"extension":{},"message":"[worker-us-central1-getUsers-b20dc18b-da61-422c-a93f-8411cc894326]: IDLE"}}
[debug] [2025-05-08T19:45:01.899Z] Finishing up request with event=finish {"metadata":{"emulator":{"name":"functions"},"function":{"name":"us-central1-getUsers"},"extension":{},"message":"Finishing up request with event=finish"}}
[debug] [2025-05-08T19:45:01.899Z] Finishing up request with event=close {"metadata":{"emulator":{"name":"functions"},"function":{"name":"us-central1-getUsers"},"extension":{},"message":"Finishing up request with event=close"}}
[debug] [2025-05-08T19:45:01.900Z] [work-queue] {"queuedWork":[],"queueLength":0,"runningWork":[],"workRunningCount":0}
[debug] [2025-05-08T19:45:01.900Z] [work-queue] {"queuedWork":["/papo-de-rifa/us-central1/getUsers-2025-05-08T19:45:01.900Z"],"queueLength":1,"runningWork":[],"workRunningCount":0}
[debug] [2025-05-08T19:45:01.900Z] [work-queue] {"queuedWork":[],"queueLength":0,"runningWork":["/papo-de-rifa/us-central1/getUsers-2025-05-08T19:45:01.900Z"],"workRunningCount":1}
[debug] [2025-05-08T19:45:01.901Z] Accepted request GET /papo-de-rifa/us-central1/getUsers --> us-central1-getUsers
[debug] [2025-05-08T19:45:01.902Z] [functions] Runtime ready! Sending request! {"metadata":{"emulator":{"name":"functions"},"message":"[functions] Runtime ready! Sending request!"}}
[debug] [2025-05-08T19:45:01.903Z] [functions] Got req.url=/papo-de-rifa/us-central1/getUsers, mapping to path=/ {"metadata":{"emulator":{"name":"functions"},"message":"[functions] Got req.url=/papo-de-rifa/us-central1/getUsers, mapping to path=/"}}
[debug] [2025-05-08T19:45:01.904Z] [worker-pool] submitRequest(triggerId=us-central1-getUsers) {"metadata":{"emulator":{"name":"functions"},"message":"[worker-pool] submitRequest(triggerId=us-central1-getUsers)"}}
[info] i  functions: Beginning execution of "us-central1-getUsers" {"metadata":{"emulator":{"name":"functions"},"function":{"name":"us-central1-getUsers"},"extension":{},"message":"Beginning execution of \"us-central1-getUsers\""}}
[debug] [2025-05-08T19:45:01.907Z] [worker-us-central1-getUsers-b20dc18b-da61-422c-a93f-8411cc894326]: BUSY {"metadata":{"emulator":{"name":"functions"},"function":{"name":"us-central1-getUsers"},"extension":{},"message":"[worker-us-central1-getUsers-b20dc18b-da61-422c-a93f-8411cc894326]: BUSY"}}
[debug] [2025-05-08T19:45:02.645Z] Finishing up request with event=pause {"metadata":{"emulator":{"name":"functions"},"function":{"name":"us-central1-getUsers"},"extension":{},"message":"Finishing up request with event=pause"}}
[info] i  functions: Finished "us-central1-getUsers" in 738.4119ms {"metadata":{"emulator":{"name":"functions"},"function":{"name":"us-central1-getUsers"},"extension":{},"message":"Finished \"us-central1-getUsers\" in 738.4119ms"}}
[debug] [2025-05-08T19:45:02.646Z] [worker-us-central1-getUsers-b20dc18b-da61-422c-a93f-8411cc894326]: IDLE {"metadata":{"emulator":{"name":"functions"},"function":{"name":"us-central1-getUsers"},"extension":{},"message":"[worker-us-central1-getUsers-b20dc18b-da61-422c-a93f-8411cc894326]: IDLE"}}
[debug] [2025-05-08T19:45:02.646Z] Finishing up request with event=finish {"metadata":{"emulator":{"name":"functions"},"function":{"name":"us-central1-getUsers"},"extension":{},"message":"Finishing up request with event=finish"}}
[debug] [2025-05-08T19:45:02.646Z] Finishing up request with event=close {"metadata":{"emulator":{"name":"functions"},"function":{"name":"us-central1-getUsers"},"extension":{},"message":"Finishing up request with event=close"}}
[debug] [2025-05-08T19:45:02.646Z] [work-queue] {"queuedWork":[],"queueLength":0,"runningWork":[],"workRunningCount":0}
[debug] [2025-05-08T19:47:15.284Z] [work-queue] {"queuedWork":["/papo-de-rifa/us-central1/getUsers-2025-05-08T19:47:15.283Z"],"queueLength":1,"runningWork":[],"workRunningCount":0}
[debug] [2025-05-08T19:47:15.287Z] [work-queue] {"queuedWork":[],"queueLength":0,"runningWork":["/papo-de-rifa/us-central1/getUsers-2025-05-08T19:47:15.283Z"],"workRunningCount":1}
[debug] [2025-05-08T19:47:15.288Z] Accepted request GET /papo-de-rifa/us-central1/getUsers --> us-central1-getUsers
[debug] [2025-05-08T19:47:15.310Z] [functions] Runtime ready! Sending request! {"metadata":{"emulator":{"name":"functions"},"message":"[functions] Runtime ready! Sending request!"}}
[debug] [2025-05-08T19:47:15.313Z] [functions] Got req.url=/papo-de-rifa/us-central1/getUsers, mapping to path=/ {"metadata":{"emulator":{"name":"functions"},"message":"[functions] Got req.url=/papo-de-rifa/us-central1/getUsers, mapping to path=/"}}
[debug] [2025-05-08T19:47:15.314Z] [worker-pool] submitRequest(triggerId=us-central1-getUsers) {"metadata":{"emulator":{"name":"functions"},"message":"[worker-pool] submitRequest(triggerId=us-central1-getUsers)"}}
[info] i  functions: Beginning execution of "us-central1-getUsers" {"metadata":{"emulator":{"name":"functions"},"function":{"name":"us-central1-getUsers"},"extension":{},"message":"Beginning execution of \"us-central1-getUsers\""}}
[debug] [2025-05-08T19:47:15.319Z] [worker-us-central1-getUsers-b20dc18b-da61-422c-a93f-8411cc894326]: BUSY {"metadata":{"emulator":{"name":"functions"},"function":{"name":"us-central1-getUsers"},"extension":{},"message":"[worker-us-central1-getUsers-b20dc18b-da61-422c-a93f-8411cc894326]: BUSY"}}
[debug] [2025-05-08T19:47:16.260Z] Finishing up request with event=pause {"metadata":{"emulator":{"name":"functions"},"function":{"name":"us-central1-getUsers"},"extension":{},"message":"Finishing up request with event=pause"}}
[info] i  functions: Finished "us-central1-getUsers" in 941.6792ms {"metadata":{"emulator":{"name":"functions"},"function":{"name":"us-central1-getUsers"},"extension":{},"message":"Finished \"us-central1-getUsers\" in 941.6792ms"}}
[debug] [2025-05-08T19:47:16.262Z] [worker-us-central1-getUsers-b20dc18b-da61-422c-a93f-8411cc894326]: IDLE {"metadata":{"emulator":{"name":"functions"},"function":{"name":"us-central1-getUsers"},"extension":{},"message":"[worker-us-central1-getUsers-b20dc18b-da61-422c-a93f-8411cc894326]: IDLE"}}
[debug] [2025-05-08T19:47:16.262Z] Finishing up request with event=finish {"metadata":{"emulator":{"name":"functions"},"function":{"name":"us-central1-getUsers"},"extension":{},"message":"Finishing up request with event=finish"}}
[debug] [2025-05-08T19:47:16.262Z] Finishing up request with event=close {"metadata":{"emulator":{"name":"functions"},"function":{"name":"us-central1-getUsers"},"extension":{},"message":"Finishing up request with event=close"}}
[debug] [2025-05-08T19:47:16.262Z] [work-queue] {"queuedWork":[],"queueLength":0,"runningWork":[],"workRunningCount":0}
[debug] [2025-05-08T19:47:16.263Z] [work-queue] {"queuedWork":["/papo-de-rifa/us-central1/getUsers-2025-05-08T19:47:16.263Z"],"queueLength":1,"runningWork":[],"workRunningCount":0}
[debug] [2025-05-08T19:47:16.263Z] [work-queue] {"queuedWork":[],"queueLength":0,"runningWork":["/papo-de-rifa/us-central1/getUsers-2025-05-08T19:47:16.263Z"],"workRunningCount":1}
[debug] [2025-05-08T19:47:16.263Z] Accepted request GET /papo-de-rifa/us-central1/getUsers --> us-central1-getUsers
[debug] [2025-05-08T19:47:16.266Z] [functions] Runtime ready! Sending request! {"metadata":{"emulator":{"name":"functions"},"message":"[functions] Runtime ready! Sending request!"}}
[debug] [2025-05-08T19:47:16.267Z] [functions] Got req.url=/papo-de-rifa/us-central1/getUsers, mapping to path=/ {"metadata":{"emulator":{"name":"functions"},"message":"[functions] Got req.url=/papo-de-rifa/us-central1/getUsers, mapping to path=/"}}
[debug] [2025-05-08T19:47:16.267Z] [worker-pool] submitRequest(triggerId=us-central1-getUsers) {"metadata":{"emulator":{"name":"functions"},"message":"[worker-pool] submitRequest(triggerId=us-central1-getUsers)"}}
[info] i  functions: Beginning execution of "us-central1-getUsers" {"metadata":{"emulator":{"name":"functions"},"function":{"name":"us-central1-getUsers"},"extension":{},"message":"Beginning execution of \"us-central1-getUsers\""}}
[debug] [2025-05-08T19:47:16.268Z] [worker-us-central1-getUsers-b20dc18b-da61-422c-a93f-8411cc894326]: BUSY {"metadata":{"emulator":{"name":"functions"},"function":{"name":"us-central1-getUsers"},"extension":{},"message":"[worker-us-central1-getUsers-b20dc18b-da61-422c-a93f-8411cc894326]: BUSY"}}
[debug] [2025-05-08T19:47:17.009Z] Finishing up request with event=pause {"metadata":{"emulator":{"name":"functions"},"function":{"name":"us-central1-getUsers"},"extension":{},"message":"Finishing up request with event=pause"}}
[info] i  functions: Finished "us-central1-getUsers" in 740.9077ms {"metadata":{"emulator":{"name":"functions"},"function":{"name":"us-central1-getUsers"},"extension":{},"message":"Finished \"us-central1-getUsers\" in 740.9077ms"}}
[debug] [2025-05-08T19:47:17.010Z] [worker-us-central1-getUsers-b20dc18b-da61-422c-a93f-8411cc894326]: IDLE {"metadata":{"emulator":{"name":"functions"},"function":{"name":"us-central1-getUsers"},"extension":{},"message":"[worker-us-central1-getUsers-b20dc18b-da61-422c-a93f-8411cc894326]: IDLE"}}
[debug] [2025-05-08T19:47:17.010Z] Finishing up request with event=finish {"metadata":{"emulator":{"name":"functions"},"function":{"name":"us-central1-getUsers"},"extension":{},"message":"Finishing up request with event=finish"}}
[debug] [2025-05-08T19:47:17.010Z] Finishing up request with event=close {"metadata":{"emulator":{"name":"functions"},"function":{"name":"us-central1-getUsers"},"extension":{},"message":"Finishing up request with event=close"}}
[debug] [2025-05-08T19:47:17.010Z] [work-queue] {"queuedWork":[],"queueLength":0,"runningWork":[],"workRunningCount":0}
[debug] [2025-05-08T19:47:38.481Z] [work-queue] {"queuedWork":["/papo-de-rifa/us-central1/getUsers-2025-05-08T19:47:38.481Z"],"queueLength":1,"runningWork":[],"workRunningCount":0}
[debug] [2025-05-08T19:47:38.482Z] [work-queue] {"queuedWork":[],"queueLength":0,"runningWork":["/papo-de-rifa/us-central1/getUsers-2025-05-08T19:47:38.481Z"],"workRunningCount":1}
[debug] [2025-05-08T19:47:38.482Z] Accepted request GET /papo-de-rifa/us-central1/getUsers --> us-central1-getUsers
[debug] [2025-05-08T19:47:38.488Z] [functions] Runtime ready! Sending request! {"metadata":{"emulator":{"name":"functions"},"message":"[functions] Runtime ready! Sending request!"}}
[debug] [2025-05-08T19:47:38.489Z] [functions] Got req.url=/papo-de-rifa/us-central1/getUsers, mapping to path=/ {"metadata":{"emulator":{"name":"functions"},"message":"[functions] Got req.url=/papo-de-rifa/us-central1/getUsers, mapping to path=/"}}
[debug] [2025-05-08T19:47:38.489Z] [worker-pool] submitRequest(triggerId=us-central1-getUsers) {"metadata":{"emulator":{"name":"functions"},"message":"[worker-pool] submitRequest(triggerId=us-central1-getUsers)"}}
[info] i  functions: Beginning execution of "us-central1-getUsers" {"metadata":{"emulator":{"name":"functions"},"function":{"name":"us-central1-getUsers"},"extension":{},"message":"Beginning execution of \"us-central1-getUsers\""}}
[debug] [2025-05-08T19:47:38.491Z] [worker-us-central1-getUsers-b20dc18b-da61-422c-a93f-8411cc894326]: BUSY {"metadata":{"emulator":{"name":"functions"},"function":{"name":"us-central1-getUsers"},"extension":{},"message":"[worker-us-central1-getUsers-b20dc18b-da61-422c-a93f-8411cc894326]: BUSY"}}
[debug] [2025-05-08T19:47:39.222Z] Finishing up request with event=pause {"metadata":{"emulator":{"name":"functions"},"function":{"name":"us-central1-getUsers"},"extension":{},"message":"Finishing up request with event=pause"}}
[info] i  functions: Finished "us-central1-getUsers" in 731.5172ms {"metadata":{"emulator":{"name":"functions"},"function":{"name":"us-central1-getUsers"},"extension":{},"message":"Finished \"us-central1-getUsers\" in 731.5172ms"}}
[debug] [2025-05-08T19:47:39.223Z] [worker-us-central1-getUsers-b20dc18b-da61-422c-a93f-8411cc894326]: IDLE {"metadata":{"emulator":{"name":"functions"},"function":{"name":"us-central1-getUsers"},"extension":{},"message":"[worker-us-central1-getUsers-b20dc18b-da61-422c-a93f-8411cc894326]: IDLE"}}
[debug] [2025-05-08T19:47:39.223Z] Finishing up request with event=finish {"metadata":{"emulator":{"name":"functions"},"function":{"name":"us-central1-getUsers"},"extension":{},"message":"Finishing up request with event=finish"}}
[debug] [2025-05-08T19:47:39.223Z] Finishing up request with event=close {"metadata":{"emulator":{"name":"functions"},"function":{"name":"us-central1-getUsers"},"extension":{},"message":"Finishing up request with event=close"}}
[debug] [2025-05-08T19:47:39.224Z] [work-queue] {"queuedWork":[],"queueLength":0,"runningWork":[],"workRunningCount":0}
[debug] [2025-05-08T19:47:39.225Z] [work-queue] {"queuedWork":["/papo-de-rifa/us-central1/getUsers-2025-05-08T19:47:39.225Z"],"queueLength":1,"runningWork":[],"workRunningCount":0}
[debug] [2025-05-08T19:47:39.226Z] [work-queue] {"queuedWork":[],"queueLength":0,"runningWork":["/papo-de-rifa/us-central1/getUsers-2025-05-08T19:47:39.225Z"],"workRunningCount":1}
[debug] [2025-05-08T19:47:39.226Z] Accepted request GET /papo-de-rifa/us-central1/getUsers --> us-central1-getUsers
[debug] [2025-05-08T19:47:39.227Z] [functions] Runtime ready! Sending request! {"metadata":{"emulator":{"name":"functions"},"message":"[functions] Runtime ready! Sending request!"}}
[debug] [2025-05-08T19:47:39.228Z] [functions] Got req.url=/papo-de-rifa/us-central1/getUsers, mapping to path=/ {"metadata":{"emulator":{"name":"functions"},"message":"[functions] Got req.url=/papo-de-rifa/us-central1/getUsers, mapping to path=/"}}
[debug] [2025-05-08T19:47:39.228Z] [worker-pool] submitRequest(triggerId=us-central1-getUsers) {"metadata":{"emulator":{"name":"functions"},"message":"[worker-pool] submitRequest(triggerId=us-central1-getUsers)"}}
[info] i  functions: Beginning execution of "us-central1-getUsers" {"metadata":{"emulator":{"name":"functions"},"function":{"name":"us-central1-getUsers"},"extension":{},"message":"Beginning execution of \"us-central1-getUsers\""}}
[debug] [2025-05-08T19:47:39.228Z] [worker-us-central1-getUsers-b20dc18b-da61-422c-a93f-8411cc894326]: BUSY {"metadata":{"emulator":{"name":"functions"},"function":{"name":"us-central1-getUsers"},"extension":{},"message":"[worker-us-central1-getUsers-b20dc18b-da61-422c-a93f-8411cc894326]: BUSY"}}
[debug] [2025-05-08T19:47:39.925Z] Finishing up request with event=pause {"metadata":{"emulator":{"name":"functions"},"function":{"name":"us-central1-getUsers"},"extension":{},"message":"Finishing up request with event=pause"}}
[info] i  functions: Finished "us-central1-getUsers" in 696.9721ms {"metadata":{"emulator":{"name":"functions"},"function":{"name":"us-central1-getUsers"},"extension":{},"message":"Finished \"us-central1-getUsers\" in 696.9721ms"}}
[debug] [2025-05-08T19:47:39.926Z] [worker-us-central1-getUsers-b20dc18b-da61-422c-a93f-8411cc894326]: IDLE {"metadata":{"emulator":{"name":"functions"},"function":{"name":"us-central1-getUsers"},"extension":{},"message":"[worker-us-central1-getUsers-b20dc18b-da61-422c-a93f-8411cc894326]: IDLE"}}
[debug] [2025-05-08T19:47:39.926Z] Finishing up request with event=finish {"metadata":{"emulator":{"name":"functions"},"function":{"name":"us-central1-getUsers"},"extension":{},"message":"Finishing up request with event=finish"}}
[debug] [2025-05-08T19:47:39.926Z] Finishing up request with event=close {"metadata":{"emulator":{"name":"functions"},"function":{"name":"us-central1-getUsers"},"extension":{},"message":"Finishing up request with event=close"}}
[debug] [2025-05-08T19:47:39.926Z] [work-queue] {"queuedWork":[],"queueLength":0,"runningWork":[],"workRunningCount":0}
